fatal: not a git repository (or any of the parent directories): .git
fatal: not a git repository (or any of the parent directories): .git
fatal: not a git repository (or any of the parent directories): .git
fatal: not a git repository (or any of the parent directories): .git
fatal: not a git repository (or any of the parent directories): .git
fatal: not a git repository (or any of the parent directories): .git
fatal: not a git repository (or any of the parent directories): .git
fatal: not a git repository (or any of the parent directories): .git
fatal: not a git repository (or any of the parent directories): .git
fatal: not a git repository (or any of the parent directories): .git
fatal: not a git repository (or any of the parent directories): .git
fatal: not a git repository (or any of the parent directories): .git
fatal: not a git repository (or any of the parent directories): .git
fatal: not a git repository (or any of the parent directories): .git
fatal: not a git repository (or any of the parent directories): .git
fatal: not a git repository (or any of the parent directories): .git
fatal: not a git repository (or any of the parent directories): .git
fatal: not a git repository (or any of the parent directories): .git
[main 1030b40] main: updating data
 35 files changed, 23 insertions(+)
 create mode 100755 git_auto_push.sh
 create mode 100644 logfile.log
 create mode 100644 pdf/1068798304_1729539059_89127191.pdf
 create mode 100644 pdf/1110106133_1729538753_93474309.pdf
 create mode 100644 pdf/1164692750_1729538012_23794184.pdf
 create mode 100644 pdf/1171973077_1729538202_42397846.pdf
 create mode 100644 pdf/1173110662_1729539036_49818924.pdf
 create mode 100644 pdf/1262058409_1729538547_72940390.pdf
 create mode 100644 pdf/1297901741_1729539016_64155215.pdf
 create mode 100644 pdf/1387146227_1729538757_39019511.pdf
 create mode 100644 pdf/1387146227_1729538936_60891585.pdf
 create mode 100644 pdf/1412762997_1729538048_18989875.pdf
 create mode 100644 pdf/1472748015_1729538215_53179663.pdf
 create mode 100644 pdf/1632745160_1729538458_89353903.pdf
 create mode 100644 pdf/1761243750_1729538388_38258932.pdf
 create mode 100644 pdf/1861615860_1729538354_78416098.pdf
 create mode 100644 pdf/5012281363_1729538176_75973846.pdf
 create mode 100644 pdf/5112062608_1729539090_11873688.pdf
 create mode 100644 pdf/5168848295_1729538952_57446361.pdf
 create mode 100644 pdf/5171701652_1729538803_65952530.pdf
 create mode 100644 pdf/5171701652_1729539051_90011040.pdf
 create mode 100644 pdf/5400375924_1729538433_51839216.pdf
 create mode 100644 pdf/5460376740_1729537845_24131713.pdf
 create mode 100644 pdf/5882168856_1729538517_71572299.pdf
 create mode 100644 pdf/624693064_1729539054_12634983.pdf
 create mode 100644 pdf/6657185326_1729538317_70263380.pdf
 create mode 100644 pdf/6987293975_1729539022_99965309.pdf
 create mode 100644 pdf/7236084010_1729538381_34199532.pdf
 create mode 100644 pdf/7322832822_1729538548_36692495.pdf
 create mode 100644 pdf/743244366_1729538407_26810682.pdf
 create mode 100644 pdf/836123371_1729538913_35863142.pdf
 create mode 100644 pdf/869703026_1729538947_85697653.pdf
 create mode 100644 pdf/900360928_1729537882_71740346.pdf
 create mode 100644 pdf/996951209_1729538365_94658624.pdf
To https://github.com/yereke99/movie-alish.git
   d7ce1a1..1030b40  main -> main
